G75*
%MOIN*%
%OFA0B0*%
%FSLAX25Y25*%
%IPPOS*%
%LPD*%
%AMOC8*
5,1,8,0,0,1.08239X$1,22.5*
%
%ADD10C,0.00600*%
%ADD11C,0.00000*%
D10*
X0045087Y0001800D02*
X0222646Y0001800D01*
X0222646Y0193926D01*
X0190756Y0193926D01*
X0159654Y0225028D01*
X0053354Y0225028D01*
X0053354Y0176603D01*
X0022252Y0176603D01*
X0022252Y0101800D01*
X0045087Y0101800D01*
X0045087Y0061249D01*
X0064772Y0061249D01*
X0064772Y0025816D01*
X0045087Y0025816D01*
X0045087Y0001800D01*
D11*
X0062803Y0085265D02*
X0062805Y0085383D01*
X0062811Y0085502D01*
X0062821Y0085620D01*
X0062835Y0085737D01*
X0062852Y0085854D01*
X0062874Y0085971D01*
X0062900Y0086086D01*
X0062929Y0086201D01*
X0062962Y0086315D01*
X0062999Y0086427D01*
X0063040Y0086538D01*
X0063084Y0086648D01*
X0063132Y0086756D01*
X0063184Y0086863D01*
X0063239Y0086968D01*
X0063298Y0087071D01*
X0063360Y0087171D01*
X0063425Y0087270D01*
X0063494Y0087367D01*
X0063565Y0087461D01*
X0063640Y0087552D01*
X0063718Y0087642D01*
X0063799Y0087728D01*
X0063883Y0087812D01*
X0063969Y0087893D01*
X0064059Y0087971D01*
X0064150Y0088046D01*
X0064244Y0088117D01*
X0064341Y0088186D01*
X0064440Y0088251D01*
X0064540Y0088313D01*
X0064643Y0088372D01*
X0064748Y0088427D01*
X0064855Y0088479D01*
X0064963Y0088527D01*
X0065073Y0088571D01*
X0065184Y0088612D01*
X0065296Y0088649D01*
X0065410Y0088682D01*
X0065525Y0088711D01*
X0065640Y0088737D01*
X0065757Y0088759D01*
X0065874Y0088776D01*
X0065991Y0088790D01*
X0066109Y0088800D01*
X0066228Y0088806D01*
X0066346Y0088808D01*
X0066464Y0088806D01*
X0066583Y0088800D01*
X0066701Y0088790D01*
X0066818Y0088776D01*
X0066935Y0088759D01*
X0067052Y0088737D01*
X0067167Y0088711D01*
X0067282Y0088682D01*
X0067396Y0088649D01*
X0067508Y0088612D01*
X0067619Y0088571D01*
X0067729Y0088527D01*
X0067837Y0088479D01*
X0067944Y0088427D01*
X0068049Y0088372D01*
X0068152Y0088313D01*
X0068252Y0088251D01*
X0068351Y0088186D01*
X0068448Y0088117D01*
X0068542Y0088046D01*
X0068633Y0087971D01*
X0068723Y0087893D01*
X0068809Y0087812D01*
X0068893Y0087728D01*
X0068974Y0087642D01*
X0069052Y0087552D01*
X0069127Y0087461D01*
X0069198Y0087367D01*
X0069267Y0087270D01*
X0069332Y0087171D01*
X0069394Y0087071D01*
X0069453Y0086968D01*
X0069508Y0086863D01*
X0069560Y0086756D01*
X0069608Y0086648D01*
X0069652Y0086538D01*
X0069693Y0086427D01*
X0069730Y0086315D01*
X0069763Y0086201D01*
X0069792Y0086086D01*
X0069818Y0085971D01*
X0069840Y0085854D01*
X0069857Y0085737D01*
X0069871Y0085620D01*
X0069881Y0085502D01*
X0069887Y0085383D01*
X0069889Y0085265D01*
X0069887Y0085147D01*
X0069881Y0085028D01*
X0069871Y0084910D01*
X0069857Y0084793D01*
X0069840Y0084676D01*
X0069818Y0084559D01*
X0069792Y0084444D01*
X0069763Y0084329D01*
X0069730Y0084215D01*
X0069693Y0084103D01*
X0069652Y0083992D01*
X0069608Y0083882D01*
X0069560Y0083774D01*
X0069508Y0083667D01*
X0069453Y0083562D01*
X0069394Y0083459D01*
X0069332Y0083359D01*
X0069267Y0083260D01*
X0069198Y0083163D01*
X0069127Y0083069D01*
X0069052Y0082978D01*
X0068974Y0082888D01*
X0068893Y0082802D01*
X0068809Y0082718D01*
X0068723Y0082637D01*
X0068633Y0082559D01*
X0068542Y0082484D01*
X0068448Y0082413D01*
X0068351Y0082344D01*
X0068252Y0082279D01*
X0068152Y0082217D01*
X0068049Y0082158D01*
X0067944Y0082103D01*
X0067837Y0082051D01*
X0067729Y0082003D01*
X0067619Y0081959D01*
X0067508Y0081918D01*
X0067396Y0081881D01*
X0067282Y0081848D01*
X0067167Y0081819D01*
X0067052Y0081793D01*
X0066935Y0081771D01*
X0066818Y0081754D01*
X0066701Y0081740D01*
X0066583Y0081730D01*
X0066464Y0081724D01*
X0066346Y0081722D01*
X0066228Y0081724D01*
X0066109Y0081730D01*
X0065991Y0081740D01*
X0065874Y0081754D01*
X0065757Y0081771D01*
X0065640Y0081793D01*
X0065525Y0081819D01*
X0065410Y0081848D01*
X0065296Y0081881D01*
X0065184Y0081918D01*
X0065073Y0081959D01*
X0064963Y0082003D01*
X0064855Y0082051D01*
X0064748Y0082103D01*
X0064643Y0082158D01*
X0064540Y0082217D01*
X0064440Y0082279D01*
X0064341Y0082344D01*
X0064244Y0082413D01*
X0064150Y0082484D01*
X0064059Y0082559D01*
X0063969Y0082637D01*
X0063883Y0082718D01*
X0063799Y0082802D01*
X0063718Y0082888D01*
X0063640Y0082978D01*
X0063565Y0083069D01*
X0063494Y0083163D01*
X0063425Y0083260D01*
X0063360Y0083359D01*
X0063298Y0083459D01*
X0063239Y0083562D01*
X0063184Y0083667D01*
X0063132Y0083774D01*
X0063084Y0083882D01*
X0063040Y0083992D01*
X0062999Y0084103D01*
X0062962Y0084215D01*
X0062929Y0084329D01*
X0062900Y0084444D01*
X0062874Y0084559D01*
X0062852Y0084676D01*
X0062835Y0084793D01*
X0062821Y0084910D01*
X0062811Y0085028D01*
X0062805Y0085147D01*
X0062803Y0085265D01*
X0196268Y0181328D02*
X0196270Y0181446D01*
X0196276Y0181565D01*
X0196286Y0181683D01*
X0196300Y0181800D01*
X0196317Y0181917D01*
X0196339Y0182034D01*
X0196365Y0182149D01*
X0196394Y0182264D01*
X0196427Y0182378D01*
X0196464Y0182490D01*
X0196505Y0182601D01*
X0196549Y0182711D01*
X0196597Y0182819D01*
X0196649Y0182926D01*
X0196704Y0183031D01*
X0196763Y0183134D01*
X0196825Y0183234D01*
X0196890Y0183333D01*
X0196959Y0183430D01*
X0197030Y0183524D01*
X0197105Y0183615D01*
X0197183Y0183705D01*
X0197264Y0183791D01*
X0197348Y0183875D01*
X0197434Y0183956D01*
X0197524Y0184034D01*
X0197615Y0184109D01*
X0197709Y0184180D01*
X0197806Y0184249D01*
X0197905Y0184314D01*
X0198005Y0184376D01*
X0198108Y0184435D01*
X0198213Y0184490D01*
X0198320Y0184542D01*
X0198428Y0184590D01*
X0198538Y0184634D01*
X0198649Y0184675D01*
X0198761Y0184712D01*
X0198875Y0184745D01*
X0198990Y0184774D01*
X0199105Y0184800D01*
X0199222Y0184822D01*
X0199339Y0184839D01*
X0199456Y0184853D01*
X0199574Y0184863D01*
X0199693Y0184869D01*
X0199811Y0184871D01*
X0199929Y0184869D01*
X0200048Y0184863D01*
X0200166Y0184853D01*
X0200283Y0184839D01*
X0200400Y0184822D01*
X0200517Y0184800D01*
X0200632Y0184774D01*
X0200747Y0184745D01*
X0200861Y0184712D01*
X0200973Y0184675D01*
X0201084Y0184634D01*
X0201194Y0184590D01*
X0201302Y0184542D01*
X0201409Y0184490D01*
X0201514Y0184435D01*
X0201617Y0184376D01*
X0201717Y0184314D01*
X0201816Y0184249D01*
X0201913Y0184180D01*
X0202007Y0184109D01*
X0202098Y0184034D01*
X0202188Y0183956D01*
X0202274Y0183875D01*
X0202358Y0183791D01*
X0202439Y0183705D01*
X0202517Y0183615D01*
X0202592Y0183524D01*
X0202663Y0183430D01*
X0202732Y0183333D01*
X0202797Y0183234D01*
X0202859Y0183134D01*
X0202918Y0183031D01*
X0202973Y0182926D01*
X0203025Y0182819D01*
X0203073Y0182711D01*
X0203117Y0182601D01*
X0203158Y0182490D01*
X0203195Y0182378D01*
X0203228Y0182264D01*
X0203257Y0182149D01*
X0203283Y0182034D01*
X0203305Y0181917D01*
X0203322Y0181800D01*
X0203336Y0181683D01*
X0203346Y0181565D01*
X0203352Y0181446D01*
X0203354Y0181328D01*
X0203352Y0181210D01*
X0203346Y0181091D01*
X0203336Y0180973D01*
X0203322Y0180856D01*
X0203305Y0180739D01*
X0203283Y0180622D01*
X0203257Y0180507D01*
X0203228Y0180392D01*
X0203195Y0180278D01*
X0203158Y0180166D01*
X0203117Y0180055D01*
X0203073Y0179945D01*
X0203025Y0179837D01*
X0202973Y0179730D01*
X0202918Y0179625D01*
X0202859Y0179522D01*
X0202797Y0179422D01*
X0202732Y0179323D01*
X0202663Y0179226D01*
X0202592Y0179132D01*
X0202517Y0179041D01*
X0202439Y0178951D01*
X0202358Y0178865D01*
X0202274Y0178781D01*
X0202188Y0178700D01*
X0202098Y0178622D01*
X0202007Y0178547D01*
X0201913Y0178476D01*
X0201816Y0178407D01*
X0201717Y0178342D01*
X0201617Y0178280D01*
X0201514Y0178221D01*
X0201409Y0178166D01*
X0201302Y0178114D01*
X0201194Y0178066D01*
X0201084Y0178022D01*
X0200973Y0177981D01*
X0200861Y0177944D01*
X0200747Y0177911D01*
X0200632Y0177882D01*
X0200517Y0177856D01*
X0200400Y0177834D01*
X0200283Y0177817D01*
X0200166Y0177803D01*
X0200048Y0177793D01*
X0199929Y0177787D01*
X0199811Y0177785D01*
X0199693Y0177787D01*
X0199574Y0177793D01*
X0199456Y0177803D01*
X0199339Y0177817D01*
X0199222Y0177834D01*
X0199105Y0177856D01*
X0198990Y0177882D01*
X0198875Y0177911D01*
X0198761Y0177944D01*
X0198649Y0177981D01*
X0198538Y0178022D01*
X0198428Y0178066D01*
X0198320Y0178114D01*
X0198213Y0178166D01*
X0198108Y0178221D01*
X0198005Y0178280D01*
X0197905Y0178342D01*
X0197806Y0178407D01*
X0197709Y0178476D01*
X0197615Y0178547D01*
X0197524Y0178622D01*
X0197434Y0178700D01*
X0197348Y0178781D01*
X0197264Y0178865D01*
X0197183Y0178951D01*
X0197105Y0179041D01*
X0197030Y0179132D01*
X0196959Y0179226D01*
X0196890Y0179323D01*
X0196825Y0179422D01*
X0196763Y0179522D01*
X0196704Y0179625D01*
X0196649Y0179730D01*
X0196597Y0179837D01*
X0196549Y0179945D01*
X0196505Y0180055D01*
X0196464Y0180166D01*
X0196427Y0180278D01*
X0196394Y0180392D01*
X0196365Y0180507D01*
X0196339Y0180622D01*
X0196317Y0180739D01*
X0196300Y0180856D01*
X0196286Y0180973D01*
X0196276Y0181091D01*
X0196270Y0181210D01*
X0196268Y0181328D01*
M02*
